빌드 시작: 2012-12-11 오후 7:17:04
     1>2 노드의 "C:\Users\caucse\Desktop\practiceQT(1) (2)\practiceQT(1)\practice\practice.vcxproj" 프로젝트(build 대상)입니다.
     1>InitializeBuildStatus:
         "C:\Users\caucse\Desktop\practiceQT(1) (2)\practiceQT(1)\Win32\Debug\practice.unsuccessfulbuild"에 연결(touching)하고 있습니다.
       CustomBuild:
         모든 출력이 최신 상태입니다.
       ClCompile:
         모든 출력이 최신 상태입니다.
         모든 출력이 최신 상태입니다.
       Link:
         c:\Program Files (x86)\Microsoft Visual Studio 10.0\VC\bin\link.exe /ERRORREPORT:PROMPT /OUT:"C:\Users\caucse\Desktop\practiceQT(1) (2)\practiceQT(1)\Win32\Debug\practice.exe" /NOLOGO /LIBPATH:C:\Qt\4.8.4\lib qtmaind.lib QtCored4.lib QtGuid4.lib kernel32.lib user32.lib gdi32.lib winspool.lib comdlg32.lib advapi32.lib shell32.lib ole32.lib oleaut32.lib uuid.lib odbc32.lib odbccp32.lib /MANIFEST /ManifestFile:"C:\Users\caucse\Desktop\practiceQT(1) (2)\practiceQT(1)\Win32\Debug\practice.exe.intermediate.manifest" /MANIFESTUAC:"level='asInvoker' uiAccess='false'" /DEBUG /PDB:"C:\Users\caucse\Desktop\practiceQT(1) (2)\practiceQT(1)\Win32\Debug\practice.pdb" /SUBSYSTEM:WINDOWS /TLBID:1 /DYNAMICBASE /NXCOMPAT /IMPLIB:"C:\Users\caucse\Desktop\practiceQT(1) (2)\practiceQT(1)\Win32\Debug\practice.lib" /MACHINE:X86 "C:\Users\caucse\Desktop\practiceQT(1) (2)\practiceQT(1)\Win32\Debug\qrc_practice.obj"
         "C:\Users\caucse\Desktop\practiceQT(1) (2)\practiceQT(1)\Win32\Debug\moc_practice.obj"
         "C:\Users\caucse\Desktop\practiceQT(1) (2)\practiceQT(1)\Win32\Debug\main.obj"
         "C:\Users\caucse\Desktop\practiceQT(1) (2)\practiceQT(1)\Win32\Debug\manager.obj"
         "C:\Users\caucse\Desktop\practiceQT(1) (2)\practiceQT(1)\Win32\Debug\practice.obj"
         "C:\Users\caucse\Desktop\practiceQT(1) (2)\practiceQT(1)\Win32\Debug\table.obj"
         practice.vcxproj -> C:\Users\caucse\Desktop\practiceQT(1) (2)\practiceQT(1)\Win32\Debug\practice.exe
       Manifest:
         C:\Program Files (x86)\Microsoft SDKs\Windows\v7.0A\bin\mt.exe /nologo /verbose /outputresource:"C:\Users\caucse\Desktop\practiceQT(1) (2)\practiceQT(1)\Win32\Debug\practice.exe;#1" /manifest "C:\Users\caucse\Desktop\practiceQT(1) (2)\practiceQT(1)\Win32\Debug\practice.exe.intermediate.manifest"
       FinalizeBuildStatus:
         "C:\Users\caucse\Desktop\practiceQT(1) (2)\practiceQT(1)\Win32\Debug\practice.unsuccessfulbuild" 파일을 삭제하고 있습니다.
         "C:\Users\caucse\Desktop\practiceQT(1) (2)\practiceQT(1)\Win32\Debug\practice.lastbuildstate"에 연결(touching)하고 있습니다.
     1>"C:\Users\caucse\Desktop\practiceQT(1) (2)\practiceQT(1)\practice\practice.vcxproj" 프로젝트를 빌드했습니다(build 대상).

빌드했습니다.

경과 시간: 00:00:00.53
