C:\USERS\CAUCSE\DESKTOP\PRACTICEQT(1) (2)\PRACTICEQT(1)\PRACTICE\GENERATEDFILES\DEBUG\MOC_PRACTICE.CPP
C:\USERS\CAUCSE\DESKTOP\PRACTICEQT(1) (2)\PRACTICEQT(1)\PRACTICE\GENERATEDFILES\QRC_PRACTICE.CPP
C:\USERS\CAUCSE\DESKTOP\PRACTICEQT(1) (2)\PRACTICEQT(1)\PRACTICE\GENERATEDFILES\UI_PRACTICE.H
C:\Users\caucse\Desktop\practiceQT(1) (2)\practiceQT(1)\Win32\Debug\cl.command.1.tlog
C:\Users\caucse\Desktop\practiceQT(1) (2)\practiceQT(1)\Win32\Debug\CL.read.1.tlog
C:\Users\caucse\Desktop\practiceQT(1) (2)\practiceQT(1)\Win32\Debug\CL.write.1.tlog
C:\Users\caucse\Desktop\practiceQT(1) (2)\practiceQT(1)\Win32\Debug\custombuild.command.1.tlog
C:\Users\caucse\Desktop\practiceQT(1) (2)\practiceQT(1)\Win32\Debug\custombuild.read.1.tlog
C:\Users\caucse\Desktop\practiceQT(1) (2)\practiceQT(1)\Win32\Debug\custombuild.write.1.tlog
C:\Users\caucse\Desktop\practiceQT(1) (2)\practiceQT(1)\Win32\Debug\link.command.1.tlog
C:\Users\caucse\Desktop\practiceQT(1) (2)\practiceQT(1)\Win32\Debug\link.read.1.tlog
C:\Users\caucse\Desktop\practiceQT(1) (2)\practiceQT(1)\Win32\Debug\link.write.1.tlog
C:\USERS\CAUCSE\DESKTOP\PRACTICEQT(1) (2)\PRACTICEQT(1)\WIN32\DEBUG\MAIN.OBJ
C:\USERS\CAUCSE\DESKTOP\PRACTICEQT(1) (2)\PRACTICEQT(1)\WIN32\DEBUG\MANAGER.OBJ
C:\USERS\CAUCSE\DESKTOP\PRACTICEQT(1) (2)\PRACTICEQT(1)\WIN32\DEBUG\MOC_PRACTICE.OBJ
C:\Users\caucse\Desktop\practiceQT(1) (2)\practiceQT(1)\Win32\Debug\mt.command.1.tlog
C:\Users\caucse\Desktop\practiceQT(1) (2)\practiceQT(1)\Win32\Debug\mt.read.1.tlog
C:\Users\caucse\Desktop\practiceQT(1) (2)\practiceQT(1)\Win32\Debug\mt.write.1.tlog
C:\USERS\CAUCSE\DESKTOP\PRACTICEQT(1) (2)\PRACTICEQT(1)\WIN32\DEBUG\PRACTICE.EXE
C:\USERS\CAUCSE\DESKTOP\PRACTICEQT(1) (2)\PRACTICEQT(1)\WIN32\DEBUG\PRACTICE.EXE.INTERMEDIATE.MANIFEST
C:\USERS\CAUCSE\DESKTOP\PRACTICEQT(1) (2)\PRACTICEQT(1)\WIN32\DEBUG\PRACTICE.ILK
C:\USERS\CAUCSE\DESKTOP\PRACTICEQT(1) (2)\PRACTICEQT(1)\WIN32\DEBUG\PRACTICE.OBJ
C:\USERS\CAUCSE\DESKTOP\PRACTICEQT(1) (2)\PRACTICEQT(1)\WIN32\DEBUG\PRACTICE.PDB
C:\USERS\CAUCSE\DESKTOP\PRACTICEQT(1) (2)\PRACTICEQT(1)\WIN32\DEBUG\QRC_PRACTICE.OBJ
C:\USERS\CAUCSE\DESKTOP\PRACTICEQT(1) (2)\PRACTICEQT(1)\WIN32\DEBUG\TABLE.OBJ
C:\USERS\CAUCSE\DESKTOP\PRACTICEQT(1) (2)\PRACTICEQT(1)\WIN32\DEBUG\VC100.PDB
C:\USERS\CAUCSE\DESKTOP\PRACTICEQT(1)\PRACTICE\GENERATEDFILES\DEBUG\MOC_PRACTICE.CPP
C:\USERS\CAUCSE\DESKTOP\PRACTICEQT(1)\PRACTICE\GENERATEDFILES\QRC_PRACTICE.CPP
C:\USERS\CAUCSE\DESKTOP\PRACTICEQT(1)\PRACTICE\GENERATEDFILES\UI_PRACTICE.H
C:\USERS\CAUCSE\DESKTOP\PRACTICEQT(1)\WIN32\DEBUG\MAIN.OBJ
C:\USERS\CAUCSE\DESKTOP\PRACTICEQT(1)\WIN32\DEBUG\MANAGER.OBJ
C:\USERS\CAUCSE\DESKTOP\PRACTICEQT(1)\WIN32\DEBUG\MOC_PRACTICE.OBJ
C:\USERS\CAUCSE\DESKTOP\PRACTICEQT(1)\WIN32\DEBUG\PRACTICE.EXE
C:\USERS\CAUCSE\DESKTOP\PRACTICEQT(1)\WIN32\DEBUG\PRACTICE.EXE.INTERMEDIATE.MANIFEST
C:\USERS\CAUCSE\DESKTOP\PRACTICEQT(1)\WIN32\DEBUG\PRACTICE.ILK
C:\USERS\CAUCSE\DESKTOP\PRACTICEQT(1)\WIN32\DEBUG\PRACTICE.OBJ
C:\USERS\CAUCSE\DESKTOP\PRACTICEQT(1)\WIN32\DEBUG\PRACTICE.PDB
C:\USERS\CAUCSE\DESKTOP\PRACTICEQT(1)\WIN32\DEBUG\QRC_PRACTICE.OBJ
C:\USERS\CAUCSE\DESKTOP\PRACTICEQT(1)\WIN32\DEBUG\TABLE.OBJ
C:\USERS\CAUCSE\DESKTOP\PRACTICEQT(1)\WIN32\DEBUG\VC100.PDB
C:\USERS\CAUCSE\DESKTOP\PRACTICEQT\PRACTICE\GENERATEDFILES\DEBUG\MOC_PRACTICE.CPP
C:\USERS\CAUCSE\DESKTOP\PRACTICEQT\PRACTICE\GENERATEDFILES\QRC_PRACTICE.CPP
C:\USERS\CAUCSE\DESKTOP\PRACTICEQT\PRACTICE\GENERATEDFILES\UI_PRACTICE.H
C:\USERS\CAUCSE\DESKTOP\PRACTICEQT\WIN32\DEBUG\MAIN.OBJ
C:\USERS\CAUCSE\DESKTOP\PRACTICEQT\WIN32\DEBUG\MOC_PRACTICE.OBJ
C:\USERS\CAUCSE\DESKTOP\PRACTICEQT\WIN32\DEBUG\PRACTICE.EXE
C:\USERS\CAUCSE\DESKTOP\PRACTICEQT\WIN32\DEBUG\PRACTICE.EXE.INTERMEDIATE.MANIFEST
C:\USERS\CAUCSE\DESKTOP\PRACTICEQT\WIN32\DEBUG\PRACTICE.ILK
C:\USERS\CAUCSE\DESKTOP\PRACTICEQT\WIN32\DEBUG\PRACTICE.OBJ
C:\USERS\CAUCSE\DESKTOP\PRACTICEQT\WIN32\DEBUG\PRACTICE.PDB
C:\USERS\CAUCSE\DESKTOP\PRACTICEQT\WIN32\DEBUG\QRC_PRACTICE.OBJ
C:\USERS\CAUCSE\DESKTOP\PRACTICEQT\WIN32\DEBUG\VC100.PDB
C:\USERS\CAUCSE\DOWNLOADS\PRACTICEQT(1) (2)\PRACTICEQT(1)\PRACTICE\GENERATEDFILES\DEBUG\MOC_PRACTICE.CPP
C:\USERS\CAUCSE\DOWNLOADS\PRACTICEQT(1) (2)\PRACTICEQT(1)\PRACTICE\GENERATEDFILES\QRC_PRACTICE.CPP
C:\USERS\CAUCSE\DOWNLOADS\PRACTICEQT(1) (2)\PRACTICEQT(1)\PRACTICE\GENERATEDFILES\UI_PRACTICE.H
C:\USERS\CAUCSE\DOWNLOADS\PRACTICEQT(1) (2)\PRACTICEQT(1)\WIN32\DEBUG\MAIN.OBJ
C:\USERS\CAUCSE\DOWNLOADS\PRACTICEQT(1) (2)\PRACTICEQT(1)\WIN32\DEBUG\MANAGER.OBJ
C:\USERS\CAUCSE\DOWNLOADS\PRACTICEQT(1) (2)\PRACTICEQT(1)\WIN32\DEBUG\MOC_PRACTICE.OBJ
C:\USERS\CAUCSE\DOWNLOADS\PRACTICEQT(1) (2)\PRACTICEQT(1)\WIN32\DEBUG\PRACTICE.EXE
C:\USERS\CAUCSE\DOWNLOADS\PRACTICEQT(1) (2)\PRACTICEQT(1)\WIN32\DEBUG\PRACTICE.EXE.INTERMEDIATE.MANIFEST
C:\USERS\CAUCSE\DOWNLOADS\PRACTICEQT(1) (2)\PRACTICEQT(1)\WIN32\DEBUG\PRACTICE.ILK
C:\USERS\CAUCSE\DOWNLOADS\PRACTICEQT(1) (2)\PRACTICEQT(1)\WIN32\DEBUG\PRACTICE.OBJ
C:\USERS\CAUCSE\DOWNLOADS\PRACTICEQT(1) (2)\PRACTICEQT(1)\WIN32\DEBUG\PRACTICE.PDB
C:\USERS\CAUCSE\DOWNLOADS\PRACTICEQT(1) (2)\PRACTICEQT(1)\WIN32\DEBUG\QRC_PRACTICE.OBJ
C:\USERS\CAUCSE\DOWNLOADS\PRACTICEQT(1) (2)\PRACTICEQT(1)\WIN32\DEBUG\TABLE.OBJ
C:\USERS\CAUCSE\DOWNLOADS\PRACTICEQT(1) (2)\PRACTICEQT(1)\WIN32\DEBUG\VC100.PDB
